<?xml version="1.0" encoding="utf-8"?><testsuites name="pytest tests"><testsuite name="pytest" errors="0" failures="0" skipped="0" tests="7" time="1.819" timestamp="2025-09-16T15:20:09.070136+00:00" hostname="runner-yt35tr2w5-project-65551468-concurrent-0"><testcase classname="tests.test_events" name="test_local_callback_on_LocalHERO" time="0.511" /><testcase classname="tests.test_events" name="test_local_callback_on_RemoteHERO" time="0.004" /><testcase classname="tests.test_heros" name="test_create_destroy" time="0.209" /><testcase classname="tests.test_heros" name="test_method" time="0.001" /><testcase classname="tests.test_heros" name="test_complex_signature" time="0.002" /><testcase classname="tests.test_heros" name="test_arg" time="0.002" /><testcase classname="tests.test_heros" name="test_force_remote_local" time="0.603" /></testsuite></testsuites>